{"total": {"lines":{"total":316,"covered":306,"skipped":0,"pct":96.83},"statements":{"total":316,"covered":306,"skipped":0,"pct":96.83},"functions":{"total":38,"covered":37,"skipped":0,"pct":97.36},"branches":{"total":81,"covered":74,"skipped":0,"pct":91.35},"branchesTrue":{"total":0,"covered":0,"skipped":0,"pct":"Unknown"}}
,"/Users/34r7h/Developer/xmbl_testnet/xn/src/connection.js": {"lines":{"total":33,"covered":33,"skipped":0,"pct":100},"functions":{"total":7,"covered":7,"skipped":0,"pct":100},"statements":{"total":33,"covered":33,"skipped":0,"pct":100},"branches":{"total":11,"covered":11,"skipped":0,"pct":100}}
,"/Users/34r7h/Developer/xmbl_testnet/xn/src/discovery.js": {"lines":{"total":27,"covered":27,"skipped":0,"pct":100},"functions":{"total":3,"covered":3,"skipped":0,"pct":100},"statements":{"total":27,"covered":27,"skipped":0,"pct":100},"branches":{"total":6,"covered":5,"skipped":0,"pct":83.33}}
,"/Users/34r7h/Developer/xmbl_testnet/xn/src/gossip.js": {"lines":{"total":48,"covered":46,"skipped":0,"pct":95.83},"functions":{"total":5,"covered":5,"skipped":0,"pct":100},"statements":{"total":48,"covered":46,"skipped":0,"pct":95.83},"branches":{"total":11,"covered":10,"skipped":0,"pct":90.9}}
,"/Users/34r7h/Developer/xmbl_testnet/xn/src/node.js": {"lines":{"total":140,"covered":135,"skipped":0,"pct":96.42},"functions":{"total":12,"covered":12,"skipped":0,"pct":100},"statements":{"total":140,"covered":135,"skipped":0,"pct":96.42},"branches":{"total":37,"covered":34,"skipped":0,"pct":91.89}}
,"/Users/34r7h/Developer/xmbl_testnet/xn/src/pubsub.js": {"lines":{"total":47,"covered":44,"skipped":0,"pct":93.61},"functions":{"total":7,"covered":6,"skipped":0,"pct":85.71},"statements":{"total":47,"covered":44,"skipped":0,"pct":93.61},"branches":{"total":10,"covered":8,"skipped":0,"pct":80}}
,"/Users/34r7h/Developer/xmbl_testnet/xn/src/routing.js": {"lines":{"total":21,"covered":21,"skipped":0,"pct":100},"functions":{"total":4,"covered":4,"skipped":0,"pct":100},"statements":{"total":21,"covered":21,"skipped":0,"pct":100},"branches":{"total":6,"covered":6,"skipped":0,"pct":100}}
}
