{"total": {"lines":{"total":178,"covered":175,"skipped":0,"pct":98.31},"statements":{"total":180,"covered":177,"skipped":0,"pct":98.33},"functions":{"total":29,"covered":29,"skipped":0,"pct":100},"branches":{"total":45,"covered":37,"skipped":0,"pct":82.22},"branchesTrue":{"total":0,"covered":0,"skipped":0,"pct":"Unknown"}}
,"/Users/34r7h/Developer/xmbl_testnet/xid/src/batch.js": {"lines":{"total":10,"covered":10,"skipped":0,"pct":100},"functions":{"total":2,"covered":2,"skipped":0,"pct":100},"statements":{"total":10,"covered":10,"skipped":0,"pct":100},"branches":{"total":0,"covered":0,"skipped":0,"pct":100}}
,"/Users/34r7h/Developer/xmbl_testnet/xid/src/identity.js": {"lines":{"total":29,"covered":29,"skipped":0,"pct":100},"functions":{"total":8,"covered":8,"skipped":0,"pct":100},"statements":{"total":30,"covered":30,"skipped":0,"pct":100},"branches":{"total":2,"covered":2,"skipped":0,"pct":100}}
,"/Users/34r7h/Developer/xmbl_testnet/xid/src/key-manager.js": {"lines":{"total":36,"covered":36,"skipped":0,"pct":100},"functions":{"total":9,"covered":9,"skipped":0,"pct":100},"statements":{"total":36,"covered":36,"skipped":0,"pct":100},"branches":{"total":7,"covered":7,"skipped":0,"pct":100}}
,"/Users/34r7h/Developer/xmbl_testnet/xid/src/wasm-wrapper.js": {"lines":{"total":103,"covered":100,"skipped":0,"pct":97.08},"functions":{"total":10,"covered":10,"skipped":0,"pct":100},"statements":{"total":104,"covered":101,"skipped":0,"pct":97.11},"branches":{"total":36,"covered":28,"skipped":0,"pct":77.77}}
}
